<?xml version="1.0" encoding="UTF-8"?>
<!-- Generated by org.testng.reporters.JUnitReportReporter -->
<testsuite hostname="Vika" failures="0" tests="2" name="com.neotech.lesson02.AssertDemo" time="23.534" errors="0" timestamp="2024-09-08T18:33:22 AST" skipped="0">
  <testcase classname="com.neotech.lesson02.AssertDemo" name="logoValidation" time="13.337"/>
  <system-out/>
  <testcase classname="com.neotech.lesson02.AssertDemo" name="titleValidation" time="10.197"/>
  <system-out/>
</testsuite> <!-- com.neotech.lesson02.AssertDemo -->
