<?xml version="1.0" encoding="UTF-8"?>
<!-- Generated by org.testng.reporters.JUnitReportReporter -->
<testsuite hostname="Vika" failures="0" tests="1" name="com.neotech.lesson02.Homework2" time="31.425" errors="0" timestamp="2024-09-09T14:49:59 AST" skipped="0">
  <testcase classname="com.neotech.lesson02.Homework2" name="test" time="31.425"/>
  <system-out/>
</testsuite> <!-- com.neotech.lesson02.Homework2 -->
