<?xml version="1.0" encoding="UTF-8"?>
<!-- Generated by org.testng.reporters.JUnitReportReporter -->
<testsuite hostname="Vika" failures="0" tests="3" name="com.neotech.lesson03.DataProviderDemo" time="25.050" errors="0" timestamp="2024-09-08T22:13:03 AST" skipped="0">
  <testcase classname="com.neotech.lesson03.DataProviderDemo" name="LoginFunctionality" time="7.311"/>
  <system-out/>
  <testcase classname="com.neotech.lesson03.DataProviderDemo" name="LoginFunctionality" time="8.852"/>
  <system-out/>
  <testcase classname="com.neotech.lesson03.DataProviderDemo" name="LoginFunctionality" time="8.887"/>
  <system-out/>
</testsuite> <!-- com.neotech.lesson03.DataProviderDemo -->
