<?xml version="1.0" encoding="UTF-8"?>
<!-- Generated by org.testng.reporters.JUnitReportReporter -->
<testsuite hostname="Vika" failures="0" tests="5" name="com.neotech.lesson02.Homework1" time="0.022" errors="0" timestamp="2024-09-08T00:36:53 AST" skipped="1">
  <testcase classname="com.neotech.lesson02.Homework1" name="fourthMethod" time="0.015"/>
  <system-out/>
  <testcase classname="com.neotech.lesson02.Homework1" name="thirdMethod" time="0.002"/>
  <system-out/>
  <testcase classname="com.neotech.lesson02.Homework1" name="secondMethod" time="0.003"/>
  <system-out/>
  <testcase classname="com.neotech.lesson02.Homework1" name="firstMethod" time="0.002"/>
  <system-out/>
  <testcase classname="com.neotech.lesson02.Homework1" name="firstMethod1">
    <skipped/>
  </testcase> <!-- firstMethod1 -->
  <system-out/>
</testsuite> <!-- com.neotech.lesson02.Homework1 -->
