<?xml version="1.0" encoding="UTF-8"?>
<!-- Generated by org.testng.reporters.JUnitReportReporter -->
<testsuite hostname="Vika" failures="0" tests="1" name="com.neotech.lesson03.AddEmployeeWithDataProvider" time="40.219" errors="0" timestamp="2024-09-09T15:35:34 AST" skipped="0">
  <testcase classname="com.neotech.lesson03.AddEmployeeWithDataProvider" name="addEmployee" time="40.219"/>
  <system-out/>
</testsuite> <!-- com.neotech.lesson03.AddEmployeeWithDataProvider -->
