<?xml version="1.0" encoding="UTF-8"?>
<!-- Generated by org.testng.reporters.JUnitReportReporter -->
<testsuite hostname="Vika" failures="0" tests="2" name="com.neotech.review01.TestParameters" time="0.002" errors="0" timestamp="2024-09-12T00:34:39 AST" skipped="1">
  <testcase classname="com.neotech.review01.TestParameters" name="testA" time="0.002"/>
  <system-out/>
  <testcase classname="com.neotech.review01.TestParameters" name="testB">
    <skipped/>
  </testcase> <!-- testB -->
  <system-out/>
</testsuite> <!-- com.neotech.review01.TestParameters -->
