<?xml version="1.0" encoding="UTF-8"?>
<!-- Generated by org.testng.reporters.JUnitReportReporter -->
<testsuite hostname="Vika" failures="0" tests="3" name="com.neotech.lesson03.Homework1" time="119.063" errors="0" timestamp="2024-09-11T11:31:26 AST" skipped="0">
  <testcase classname="com.neotech.lesson03.Homework1" name="addEmployee" time="38.821"/>
  <system-out/>
  <testcase classname="com.neotech.lesson03.Homework1" name="addEmployee" time="38.103"/>
  <system-out/>
  <testcase classname="com.neotech.lesson03.Homework1" name="addEmployee" time="42.139"/>
  <system-out/>
</testsuite> <!-- com.neotech.lesson03.Homework1 -->
