<?xml version="1.0" encoding="UTF-8"?>
<!-- Generated by org.testng.reporters.JUnitReportReporter -->
<testsuite hostname="Vika" failures="0" tests="2" name="com.neotech.review01.DemoAnnotations" time="0.011" errors="0" timestamp="2024-09-12T21:54:54 AST" skipped="0">
  <testcase classname="com.neotech.review01.DemoAnnotations" name="test2" time="0.001"/>
  <system-out/>
  <testcase classname="com.neotech.review01.DemoAnnotations" name="test1" time="0.010"/>
  <system-out/>
</testsuite> <!-- com.neotech.review01.DemoAnnotations -->
