<?xml version="1.0" encoding="UTF-8"?>
<!-- Generated by org.testng.reporters.JUnitReportReporter -->
<testsuite hostname="Vika" failures="0" tests="2" name="com.neotech.lesson01.Homework" time="18.278" errors="0" timestamp="2024-09-06T10:15:31 AST" skipped="0">
  <testcase classname="com.neotech.lesson01.Homework" name="applicationNegativeLogin" time="7.215"/>
  <system-out/>
  <testcase classname="com.neotech.lesson01.Homework" name="loginValidation" time="11.063"/>
  <system-out/>
</testsuite> <!-- com.neotech.lesson01.Homework -->
