<?xml version="1.0" encoding="UTF-8"?>
<!-- Generated by org.testng.reporters.JUnitReportReporter -->
<testsuite hostname="Vika" failures="0" tests="4" name="com.neotech.lesson02.PriporityDemo" time="0.030" errors="0" timestamp="2024-09-07T12:52:11 AST" skipped="0">
  <testcase classname="com.neotech.lesson02.PriporityDemo" name="thirdTest" time="0.022"/>
  <system-out/>
  <testcase classname="com.neotech.lesson02.PriporityDemo" name="firstTest" time="0.004"/>
  <system-out/>
  <testcase classname="com.neotech.lesson02.PriporityDemo" name="secondTest" time="0.002"/>
  <system-out/>
  <testcase classname="com.neotech.lesson02.PriporityDemo" name="fourthTest" time="0.002"/>
  <system-out/>
</testsuite> <!-- com.neotech.lesson02.PriporityDemo -->
