<?xml version="1.0" encoding="UTF-8"?>
<!-- Generated by org.testng.reporters.JUnitReportReporter -->
<testsuite hostname="Vika" failures="0" tests="1" name="com.neotech.review01.GroupsDemo" time="0.001" errors="0" timestamp="2024-09-12T21:38:14 AST" skipped="0">
  <testcase classname="com.neotech.review01.GroupsDemo" name="smokeTest" time="0.001"/>
  <system-out/>
</testsuite> <!-- com.neotech.review01.GroupsDemo -->
