<?xml version="1.0" encoding="UTF-8"?>
<!-- Generated by org.testng.reporters.JUnitReportReporter -->
<testsuite hostname="Vika" failures="0" tests="2" name="com.neotech.lesson01.testNGMoreAnnotations" time="0.006" errors="0" timestamp="2024-09-08T09:37:13 AST" skipped="0">
  <testcase classname="com.neotech.lesson01.testNGMoreAnnotations" name="testOne" time="0.004"/>
  <system-out/>
  <testcase classname="com.neotech.lesson01.testNGMoreAnnotations" name="testTwo" time="0.002"/>
  <system-out/>
</testsuite> <!-- com.neotech.lesson01.testNGMoreAnnotations -->
